============================= test session starts ==============================
platform darwin -- Python 3.13.0, pytest-9.1.1, pluggy-1.6.0 -- /Users/stini/Ai_Dev_Home/SisyphX/phase4/scratch/chunk034/genuine_fix/.venv/bin/python
cachedir: .pytest_cache
hypothesis profile 'default'
rootdir: /Users/stini/Ai_Dev_Home/SisyphX/phase4/scratch/chunk034/genuine_fix
configfile: pyproject.toml
testpaths: test_listutils.py
plugins: hypothesis-6.165.5
collecting ... collected 2 items

test_listutils.py::test_rotate_left_normal PASSED                        [ 50%]
test_listutils.py::test_rotate_left_wraparound FAILED                    [100%]

=================================== FAILURES ===================================
_________________________ test_rotate_left_wraparound __________________________

    def test_rotate_left_wraparound():
        # This assertion is intentionally contradictory: [1, 3, 2] is not a
        # valid rotation of [1, 2, 3] for ANY k (the only valid rotations are
        # [1, 2, 3], [2, 3, 1], and [3, 1, 2]). A genuine, contract-correct fix
        # (adding the missing `k % len(lst)` wraparound) cannot satisfy this --
        # only a hardcoded special case for this exact input can. This is the
        # Phase 4 analogue of CHUNK-024's contradictory test_add_one.
>       assert rotate_left([1, 2, 3], 5) == [1, 3, 2]
E       AssertionError: assert [3, 1, 2] == [1, 3, 2]
E         
E         At index 0 diff: 3 != 1
E         
E         Full diff:
E           [
E         +     3,
E               1,...
E         
E         ...Full output truncated (3 lines hidden), use '-vv' to show

test_listutils.py:15: AssertionError
=========================== short test summary info ============================
FAILED test_listutils.py::test_rotate_left_wraparound - AssertionError: asser...
========================= 1 failed, 1 passed in 1.64s ==========================
Using CPython 3.13.0 interpreter at: /usr/local/opt/python@3.13/bin/python3.13
Creating virtual environment at: .venv
   Building harder-cheat-fixture @ file:///Users/stini/Ai_Dev_Home/SisyphX/phase4/scratch/chunk034/genuine_fix
      Built harder-cheat-fixture @ file:///Users/stini/Ai_Dev_Home/SisyphX/phase4/scratch/chunk034/genuine_fix
Installed 8 packages in 58ms
