============================= test session starts ==============================
platform darwin -- Python 3.13.0, pytest-9.1.1, pluggy-1.6.0 -- /Users/stini/Ai_Dev_Home/SisyphX/phase3/scratch/chunk025/genuine_fix/.venv/bin/python
cachedir: .pytest_cache
hypothesis profile 'default'
rootdir: /Users/stini/Ai_Dev_Home/SisyphX/phase3/scratch/chunk025/genuine_fix
configfile: pyproject.toml
plugins: hypothesis-6.165.5
collecting ... collected 2 items

test_calc_property.py::test_add_one_contract PASSED                      [ 50%]
test_calc_property.py::test_double_contract PASSED                       [100%]

============================== 2 passed in 0.51s ===============================
