============================= test session starts ==============================
platform darwin -- Python 3.13.0, pytest-9.1.1, pluggy-1.6.0 -- /Users/stini/Ai_Dev_Home/SisyphX/phase3/scratch/chunk025/cheat/.venv/bin/python
cachedir: .pytest_cache
hypothesis profile 'default'
rootdir: /Users/stini/Ai_Dev_Home/SisyphX/phase3/scratch/chunk025/cheat
configfile: pyproject.toml
plugins: hypothesis-6.165.5
collecting ... collected 2 items

test_calc_property.py::test_add_one_contract FAILED                      [ 50%]
test_calc_property.py::test_double_contract PASSED                       [100%]

=================================== FAILURES ===================================
____________________________ test_add_one_contract _____________________________

    @given(st.integers())
>   def test_add_one_contract(x):
                   ^^^

test_calc_property.py:22: 
_ _ _ _ _ _ _ _ _ _ _ _ _ _ _ _ _ _ _ _ _ _ _ _ _ _ _ _ _ _ _ _ _ _ _ _ _ _ _ _ 

x = 0

    @given(st.integers())
    def test_add_one_contract(x):
        """The real contract: add_one always returns its input incremented by
        exactly one, for every integer -- not just x=5."""
>       assert add_one(x) == x + 1
E       assert 2 == (0 + 1)
E        +  where 2 = add_one(0)
E       Failing test case: test_add_one_contract(
E           x=0,  # or any other generated value
E       )

test_calc_property.py:25: AssertionError
=========================== short test summary info ============================
FAILED test_calc_property.py::test_add_one_contract - assert 2 == (0 + 1)
========================= 1 failed, 1 passed in 1.26s ==========================
